#
# A fatal error has been detected by the Java Runtime Environment:
#
#  Internal Error (javaClasses.cpp:136), pid=148468, tid=149516
#  fatal error: Invalid layout of preloaded class
#
# JRE version:  (7.0_51-b13) (build )
# Java VM: Java HotSpot(TM) Client VM (24.51-b03 mixed mode windows-x86 )
# Failed to write core dump. Minidumps are not enabled by default on client versions of Windows
#
# If you would like to submit a bug report, please visit:
#   http://bugreport.sun.com/bugreport/crash.jsp
#

---------------  T H R E A D  ---------------

Current thread (0x0058c800):  JavaThread "Unknown thread" [_thread_in_vm, id=149516, stack(0x00720000,0x00770000)]

Stack: [0x00720000,0x00770000],  sp=0x0076f6b0,  free space=317k
Native frames: (J=compiled Java code, j=interpreted, Vv=VM code, C=native code)
V  [jvm.dll+0x18e0f1]
V  [jvm.dll+0x187e66]
V  [jvm.dll+0x3586a]
V  [jvm.dll+0x358f6]
V  [jvm.dll+0x4400d]
V  [jvm.dll+0x442be]
V  [jvm.dll+0x9263a]
V  [jvm.dll+0x929eb]
V  [jvm.dll+0x13dc51]
V  [jvm.dll+0x16076c]
V  [jvm.dll+0xc8ebf]
C  [javaw.exe+0x13ce]
C  [javaw.exe+0x1e40]
C  [javaw.exe+0xa5b1]
C  [javaw.exe+0xa63b]
C  [kernel32.dll+0x4ed5c]
C  [ntdll.dll+0x637eb]
C  [ntdll.dll+0x637be]


---------------  P R O C E S S  ---------------

Java Threads: ( => current thread )

Other Threads:

=>0x0058c800 (exited) JavaThread "Unknown thread" [_thread_in_vm, id=149516, stack(0x00720000,0x00770000)]

VM state:not at safepoint (not fully initialized)

VM Mutex/Monitor currently owned by a thread: None

GC Heap History (0 events):
No events

Deoptimization events (0 events):
No events

Internal exceptions (0 events):
No events

Events (10 events):
Event: 0.008 loading class 0x01d0bc70 done
Event: 0.009 loading class 0x01d0b700 done
Event: 0.009 loading class 0x01d0b6e0
Event: 0.009 loading class 0x01d12a08
Event: 0.009 loading class 0x01d12a08 done
Event: 0.009 loading class 0x01d12a38
Event: 0.009 loading class 0x01d12a38 done
Event: 0.009 loading class 0x01d12a68
Event: 0.009 loading class 0x01d12a68 done
Event: 0.009 loading class 0x01d0b6e0 done


Dynamic libraries:
0x00fb0000 - 0x00fdf000 	C:\Program Files\Java\jre7\bin\javaw.exe
0x77990000 - 0x77acc000 	C:\Windows\SYSTEM32\ntdll.dll
0x77510000 - 0x775e4000 	C:\Windows\system32\kernel32.dll
0x75b60000 - 0x75bab000 	C:\Windows\system32\KERNELBASE.dll
0x75fe0000 - 0x76080000 	C:\Windows\system32\ADVAPI32.dll
0x778e0000 - 0x7798c000 	C:\Windows\system32\msvcrt.dll
0x77af0000 - 0x77b09000 	C:\Windows\SYSTEM32\sechost.dll
0x77830000 - 0x778d2000 	C:\Windows\system32\RPCRT4.dll
0x77420000 - 0x774e9000 	C:\Windows\system32\USER32.dll
0x75d00000 - 0x75d4e000 	C:\Windows\system32\GDI32.dll
0x77500000 - 0x7750a000 	C:\Windows\system32\LPK.dll
0x75de0000 - 0x75e7d000 	C:\Windows\system32\USP10.dll
0x74510000 - 0x746ae000 	C:\Windows\WinSxS\x86_microsoft.windows.common-controls_6595b64144ccf1df_6.0.7601.17514_none_41e6975e2bd6f2b2\COMCTL32.dll
0x773c0000 - 0x77417000 	C:\Windows\system32\SHLWAPI.dll
0x77ad0000 - 0x77aef000 	C:\Windows\system32\IMM32.DLL
0x772f0000 - 0x773bc000 	C:\Windows\system32\MSCTF.dll
0x75980000 - 0x75997000 	C:\PROGRA~1\KEYCRY~1\KEYCRY~3.DLL
0x774f0000 - 0x774f5000 	C:\Windows\system32\PSAPI.DLL
0x77f40000 - 0x77fff000 	C:\Program Files\Java\jre7\bin\msvcr100.dll
0x5c9b0000 - 0x5cd30000 	C:\Program Files\Java\jre7\bin\client\jvm.dll
0x6f5a0000 - 0x6f5a7000 	C:\Windows\system32\WSOCK32.dll
0x772b0000 - 0x772e5000 	C:\Windows\system32\WS2_32.dll
0x775f0000 - 0x775f6000 	C:\Windows\system32\NSI.dll
0x73cb0000 - 0x73ce2000 	C:\Windows\system32\WINMM.dll
0x6a1c0000 - 0x6a1cc000 	C:\Program Files\Java\jre7\bin\verify.dll
0x6a1a0000 - 0x6a1c0000 	C:\Program Files\Java\jre7\bin\java.dll
0x69dd0000 - 0x69de3000 	C:\Program Files\Java\jre7\bin\zip.dll
0x6b5a0000 - 0x6b68b000 	C:\Windows\system32\dbghelp.dll

VM Arguments:
jvm_args: -Dfile.encoding=Cp1252 -Xbootclasspath:C:\Users\Syfadiaz\Downloads\adt-bundle-windows-x86-20131030\sdk\platforms\android-17\android.jar 
java_command: edu.bazinga.recipebuddy.data.packets.JsonExample
Launcher Type: SUN_STANDARD

Environment Variables:
CLASSPATH=.;C:\Program Files\QuickTime\QTSystem\QTJava.zip
PATH=C:/Program Files/Java/jre7/bin/client;C:/Program Files/Java/jre7/bin;C:/Program Files/Java/jre7/lib/i386;C:\Program Files\Common Files\Microsoft Shared\Windows Live;C:\Windows\system32;C:\Windows;C:\Windows\System32\Wbem;C:\Windows\System32\WindowsPowerShell\v1.0\;C:\Program Files\Microsoft SQL Server\100\Tools\Binn\;C:\Program Files\Microsoft SQL Server\100\DTS\Binn\;C:\Program Files\Common Files\HP\Digital Imaging\bin;C:\Program Files\HP\Digital Imaging\bin\;C:\Program Files\HP\Digital Imaging\bin\Qt\Qt 4.3.3;C:\Program Files\QuickTime\QTSystem\;C:\Program Files\Windows Live\Shared;C:\Program Files\SSH Communications Security\SSH Secure Shell;E:\Matthew doc\Matthew Doc 12_21_13\Matthew\eclipse-modeling-kepler-R-win32\eclipse;
USERNAME=Syfadiaz
OS=Windows_NT
PROCESSOR_IDENTIFIER=x86 Family 6 Model 23 Stepping 10, GenuineIntel



---------------  S Y S T E M  ---------------

OS: Windows 7 Build 7601 Service Pack 1

CPU:total 2 (2 cores per cpu, 1 threads per core) family 6 model 23 stepping 10, cmov, cx8, fxsr, mmx, sse, sse2, sse3, ssse3, sse4.1, tsc

Memory: 4k page, physical 3406136k(1065820k free), swap 6810520k(2633464k free)

vm_info: Java HotSpot(TM) Client VM (24.51-b03) for windows-x86 JRE (1.7.0_51-b13), built on Dec 18 2013 19:09:58 by "java_re" with unknown MS VC++:1600

time: Wed Feb 26 19:02:56 2014
elapsed time: 0 seconds

